We are intermittently seeing a Segmentation fault: 11
https://ci.adoptopenjdk.net/view/Failing%20Builds/job/build-scripts/job/jobs/job/jdk11u/job/jdk11u-mac-x64-openj9-macosXL/771/consoleFull
build-macstadium-macos1014-x64-2
```
10:18:41  Creating support/modules_libs/java.base/jli/libjli.dylib from 8 file(s)
10:18:41  Creating support/modules_libs/java.base/libnet.dylib from 22 file(s)
10:18:41  Creating support/modules_libs/java.base/libnio.dylib from 23 file(s)
10:18:41  Creating support/modules_libs/java.base/libosxsecurity.dylib from 1 file(s)
10:18:52  Compiling 2739 files for java.desktop
10:18:52  Updating support/src.zip
10:18:56  make[3]: *** [/Users/jenkins/workspace/build-scripts/jobs/jdk11u/jdk11u-mac-x64-openj9-macosXL/workspace/build/src/build/macosx-x86_64-normal-server-release/support/modules_libs/java.base/libverify.dylib] Segmentation fault: 11
10:18:56  make[3]: *** Deleting file `/Users/jenkins/workspace/build-scripts/jobs/jdk11u/jdk11u-mac-x64-openj9-macosXL/workspace/build/src/build/macosx-x86_64-normal-server-release/support/modules_libs/java.base/libverify.dylib'
10:18:56  make[3]: *** Waiting for unfinished jobs....
10:18:57  make[2]: *** [java.base-libs] Error 2
10:18:57  make[2]: *** Waiting for unfinished jobs....
10:21:21  
10:21:21  ERROR: Build failed for targets 'product-images mac-legacy-jre-bundle test-image debug-image' in configuration 'macosx-x86_64-normal-server-release' (exit code 2) 
10:21:21  Stopping sjavac server
```

No further details...
