Failure link
------------

From an internal build `Test_openjdk11_j9_sanity.system_aarch64_linux/32/`(`cent7-aarch64-4`):
```
openjdk version "11.0.12" 2021-07-20
OpenJDK Runtime Environment Temurin-11.0.12+2-202105200110 (build 11.0.12+2-202105200110)
Eclipse OpenJ9 VM Temurin-11.0.12+2-202105200110 (build master-5b78aff29, JRE 11 Linux aarch64-64-Bit Compressed References 20210520_136 (JIT enabled, AOT enabled)
OpenJ9   - 5b78aff29
OMR      - 91436845b
JCL      - 732dbacce0 based on jdk-11.0.12+2)
```
[Rerun in Grinder](https://hyc-runtimes-jenkins.swg-devops.com/job/Grinder/parambuild/?TARGET=DaaLoadTest_daa1_CS_5m_0&amp;SDK_RESOURCE=upstream&amp;TEST_FLAG=&amp;UPSTREAM_TEST_JOB_NAME=&amp;DOCKER_REQUIRED=false&amp;ACTIVE_NODE_TIMEOUT=0&amp;EXTRA_DOCKER_ARGS=&amp;VENDOR_TEST_DIRS=&amp;TKG_OWNER_BRANCH=AdoptOpenJDK%3Amaster&amp;PLATFORM=aarch64_linux&amp;KEEP_REPORTDIR=false&amp;PERSONAL_BUILD=false&amp;ADOPTOPENJDK_REPO=https%3A%2F%2Fgithub.com%2FAdoptOpenJDK%2Fopenjdk-tests.git&amp;LABEL=&amp;EXTRA_OPTIONS=&amp;CUSTOMIZED_SDK_URL=+https%3A%2F%2Fna.artifactory.swg-devops.com%2Fartifactory%2Fsys-rt-generic-local%2Fhyc-runtimes-jenkins.swg-devops.com%2Fbuild-scripts%2Fjobs%2Fjdk11u%2Fjdk11u-linux-aarch64-openj9%2F136%2FOpenJDK11U-jre_aarch64_linux_openj9_2021-05-20-01-00.tar.gz+https%3A%2F%2Fna.artifactory.swg-devops.com%2Fartifactory%2Fsys-rt-generic-local%2Fhyc-runtimes-jenkins.swg-devops.com%2Fbuild-scripts%2Fjobs%2Fjdk11u%2Fjdk11u-linux-aarch64-openj9%2F136%2FOpenJDK11U-testimage_aarch64_linux_openj9_2021-05-20-01-00.tar.gz+https%3A%2F%2Fna.artifactory.swg-devops.com%2Fartifactory%2Fsys-rt-generic-local%2Fhyc-runtimes-jenkins.swg-devops.com%2Fbuild-scripts%2Fjobs%2Fjdk11u%2Fjdk11u-linux-aarch64-openj9%2F136%2FOpenJDK11U-jdk_aarch64_linux_openj9_2021-05-20-01-00.tar.gz+https%3A%2F%2Fna.artifactory.swg-devops.com%2Fartifactory%2Fsys-rt-generic-local%2Fhyc-runtimes-jenkins.swg-devops.com%2Fbuild-scripts%2Fjobs%2Fjdk11u%2Fjdk11u-linux-aarch64-openj9%2F136%2FOpenJDK11U-debugimage_aarch64_linux_openj9_2021-05-20-01-00.tar.gz&amp;BUILD_IDENTIFIER=&amp;ADOPTOPENJDK_BRANCH=master&amp;LIGHT_WEIGHT_CHECKOUT=true&amp;ARTIFACTORY_SERVER=na.artifactory.swg-devops&amp;KEEP_WORKSPACE=false&amp;JDK_VERSION=11&amp;USER_CREDENTIALS_ID=&amp;ITERATIONS=1&amp;VENDOR_TEST_REPOS=&amp;JDK_REPO=https%3A%2F%2Fgithub.com%2Fibmruntimes%2Fopenj9-openjdk-jdk11&amp;RELEASE_TAG=&amp;OPENJ9_BRANCH=master&amp;OPENJ9_SHA=&amp;JCK_GIT_REPO=&amp;VENDOR_TEST_BRANCHES=&amp;OPENJ9_REPO=https%3A%2F%2Fgithub.com%2Feclipse%2Fopenj9.git&amp;UPSTREAM_JOB_NAME=&amp;CUSTOM_TARGET=&amp;VENDOR_TEST_SHAS=&amp;JDK_BRANCH=openj9&amp;LABEL_ADDITION=&amp;ARTIFACTORY_REPO=&amp;ARTIFACTORY_ROOT_DIR=&amp;UPSTREAM_TEST_JOB_NUMBER=&amp;DOCKERIMAGE_TAG=&amp;JDK_IMPL=openj9&amp;SSH_AGENT_CREDENTIAL=83181e25-eea4-4f55-8b3e-e79615733226&amp;AUTO_DETECT=true&amp;TKG_SHA=&amp;CUSTOMIZED_SDK_URL_CREDENTIAL_ID=4e18ffe7-b1b1-4272-9979-99769b68bcc2&amp;NUM_MACHINES=&amp;OPENJDK_SHA=&amp;BUILD_LIST=system&amp;UPSTREAM_JOB_NUMBER=&amp;TIME_LIMIT=20&amp;JVM_OPTIONS=&amp;PARALLEL=)

Optional info
-------------


Failure output (captured from console output)
---------------------------------------------
```
[2021-05-20T02:41:18.570Z] Running test DaaLoadTest_daa1_CS_5m_0 ...
[2021-05-20T02:41:18.570Z] ===============================================
[2021-05-20T02:41:18.570Z] DaaLoadTest_daa1_CS_5m_0 Start Time: Wed May 19 22:41:17 2021 Epoch Time (ms): 1621478477981
[2021-05-20T02:41:18.570Z] "/home/jenkins/workspace/Test_openjdk11_j9_sanity.system_aarch64_linux/openjdkbinary/j2sdk-image/bin/java" -Xshareclasses:destroyAll; "/home/jenkins/workspace/Test_openjdk11_j9_sanity.system_aarch64_linux/openjdkbinary/j2sdk-image/bin/java" -Xshareclasses:groupAccess,destroyAll; echo "cache cleanup done";
[2021-05-20T02:41:18.570Z] JVMSHRC005I No shared class caches available
[2021-05-20T02:41:18.570Z] JVMSHRC005I No shared class caches available
[2021-05-20T02:41:18.570Z] cache cleanup done
[2021-05-20T02:41:18.570Z] variation: -Xgcpolicy:gencon -Xgc:concurrentScavenge
[2021-05-20T02:41:18.570Z] JVM_OPTIONS:  -Xgcpolicy:gencon -Xgc:concurrentScavenge 

[2021-05-20T02:41:40.301Z] DLT 22:41:37.881 - First failure detected by thread: load-3. Not creating dumps as no dump generation is requested for this load test
[2021-05-20T02:41:40.301Z] DLT 22:41:37.884 - suite.getInventory().getInventoryFileRef(): openj9.test.load/config/inventories/daa/daa1.xml
[2021-05-20T02:41:40.301Z] DLT 22:41:37.885 - suite.isCreateDump() : false
[2021-05-20T02:41:40.301Z] DLT 22:41:37.886 - Test failed
[2021-05-20T02:41:40.301Z] DLT   Failure num.  = 1
[2021-05-20T02:41:40.301Z] DLT   Test number   = 7
[2021-05-20T02:41:40.301Z] DLT   Test details  = 'JUnit[net.openj9.test.arithmetics.TestPerformance]'
[2021-05-20T02:41:40.301Z] DLT   Suite number  = 0
[2021-05-20T02:41:40.301Z] DLT   Thread number = 3
[2021-05-20T02:41:40.301Z] DLT >>> Captured test output >>>
[2021-05-20T02:41:40.301Z] DLT testStarted : testIntrinsicPerformance(net.openj9.test.arithmetics.TestPerformance)
[2021-05-20T02:41:40.301Z] DLT java.lang.ArithmeticException: divide by zero
[2021-05-20T02:41:40.301Z] DLT 	at java.base/java.math.BigInteger.<init>(BigInteger.java:530)
[2021-05-20T02:41:40.301Z] DLT 	at java.base/java.math.BigInteger.<init>(BigInteger.java:672)
[2021-05-20T02:41:40.301Z] DLT 	at net.openj9.test.Utils.toPrecision(Utils.java:498)
[2021-05-20T02:41:40.301Z] DLT 	at net.openj9.test.arithmetics.TestPerformance.getComparisionReferenceValue(TestPerformance.java:374)
[2021-05-20T02:41:40.301Z] DLT 	at net.openj9.test.arithmetics.TestPerformance.testNE(TestPerformance.java:210)
[2021-05-20T02:41:40.301Z] DLT 	at net.openj9.test.arithmetics.TestPerformance.testIntrinsicPerformance(TestPerformance.java:87)
[2021-05-20T02:41:40.301Z] DLT 	at java.base/jdk.internal.reflect.NativeMethodAccessorImpl.invoke0(Native Method)
[2021-05-20T02:41:40.301Z] DLT 	at java.base/jdk.internal.reflect.NativeMethodAccessorImpl.invoke(NativeMethodAccessorImpl.java:62)
[2021-05-20T02:41:40.301Z] DLT 	at java.base/jdk.internal.reflect.DelegatingMethodAccessorImpl.invoke(DelegatingMethodAccessorImpl.java:43)
[2021-05-20T02:41:40.301Z] DLT 	at java.base/java.lang.reflect.Method.invoke(Method.java:566)
[2021-05-20T02:41:40.301Z] DLT 	at org.junit.runners.model.FrameworkMethod$1.runReflectiveCall(FrameworkMethod.java:50)
[2021-05-20T02:41:40.301Z] DLT 	at org.junit.internal.runners.model.ReflectiveCallable.run(ReflectiveCallable.java:12)
[2021-05-20T02:41:40.301Z] DLT 	at org.junit.runners.model.FrameworkMethod.invokeExplosively(FrameworkMethod.java:47)
[2021-05-20T02:41:40.301Z] DLT 	at org.junit.internal.runners.statements.InvokeMethod.evaluate(InvokeMethod.java:17)
[2021-05-20T02:41:40.302Z] DLT 	at org.junit.runners.ParentRunner.runLeaf(ParentRunner.java:325)
[2021-05-20T02:41:40.302Z] DLT 	at org.junit.runners.BlockJUnit4ClassRunner.runChild(BlockJUnit4ClassRunner.java:78)
[2021-05-20T02:41:40.302Z] DLT 	at org.junit.runners.BlockJUnit4ClassRunner.runChild(BlockJUnit4ClassRunner.java:57)
[2021-05-20T02:41:40.302Z] DLT 	at org.junit.runners.ParentRunner$3.run(ParentRunner.java:290)
[2021-05-20T02:41:40.302Z] DLT 	at org.junit.runners.ParentRunner$1.schedule(ParentRunner.java:71)
[2021-05-20T02:41:40.302Z] DLT 	at org.junit.runners.ParentRunner.runChildren(ParentRunner.java:288)
[2021-05-20T02:41:40.302Z] DLT 	at org.junit.runners.ParentRunner.access$000(ParentRunner.java:58)
[2021-05-20T02:41:40.302Z] DLT 	at org.junit.runners.ParentRunner$2.evaluate(ParentRunner.java:268)
[2021-05-20T02:41:40.302Z] DLT 	at org.junit.runners.ParentRunner.run(ParentRunner.java:363)
[2021-05-20T02:41:40.302Z] DLT 	at org.junit.runners.Suite.runChild(Suite.java:128)
[2021-05-20T02:41:40.302Z] DLT 	at org.junit.runners.Suite.runChild(Suite.java:27)
[2021-05-20T02:41:40.302Z] DLT 	at org.junit.runners.ParentRunner$3.run(ParentRunner.java:290)
[2021-05-20T02:41:40.302Z] DLT 	at org.junit.runners.ParentRunner$1.schedule(ParentRunner.java:71)
[2021-05-20T02:41:40.302Z] DLT 	at org.junit.runners.ParentRunner.runChildren(ParentRunner.java:288)
[2021-05-20T02:41:40.302Z] DLT 	at org.junit.runners.ParentRunner.access$000(ParentRunner.java:58)
[2021-05-20T02:41:40.302Z] DLT 	at org.junit.runners.ParentRunner$2.evaluate(ParentRunner.java:268)
[2021-05-20T02:41:40.302Z] DLT 	at org.junit.runners.ParentRunner.run(ParentRunner.java:363)
[2021-05-20T02:41:40.302Z] DLT 	at org.junit.runner.JUnitCore.run(JUnitCore.java:137)
[2021-05-20T02:41:40.302Z] DLT 	at org.junit.runner.JUnitCore.run(JUnitCore.java:115)
[2021-05-20T02:41:40.302Z] DLT 	at net.adoptopenjdk.loadTest.adaptors.JUnitAdaptor.executeTest(JUnitAdaptor.java:130)
[2021-05-20T02:41:40.302Z] DLT 	at net.adoptopenjdk.loadTest.LoadTestRunner$2.run(LoadTestRunner.java:182)
[2021-05-20T02:41:40.302Z] DLT 	at java.base/java.util.concurrent.ThreadPoolExecutor.runWorker(ThreadPoolExecutor.java:1128)
[2021-05-20T02:41:40.302Z] DLT 	at java.base/java.util.concurrent.ThreadPoolExecutor$Worker.run(ThreadPoolExecutor.java:628)
[2021-05-20T02:41:40.302Z] DLT 	at java.base/java.lang.Thread.run(Thread.java:861)
[2021-05-20T02:41:40.302Z] DLT testFailure: testIntrinsicPerformance(net.openj9.test.arithmetics.TestPerformance): divide by zero
[2021-05-20T02:41:40.302Z] DLT java.lang.ArithmeticException: divide by zero
[2021-05-20T02:41:40.302Z] DLT 	at java.base/java.math.BigInteger.<init>(BigInteger.java:530)
[2021-05-20T02:41:40.302Z] DLT 	at java.base/java.math.BigInteger.<init>(BigInteger.java:672)
[2021-05-20T02:41:40.302Z] DLT 	at net.openj9.test.Utils.toPrecision(Utils.java:498)
[2021-05-20T02:41:40.302Z] DLT 	at net.openj9.test.arithmetics.TestPerformance.getComparisionReferenceValue(TestPerformance.java:374)
[2021-05-20T02:41:40.302Z] DLT 	at net.openj9.test.arithmetics.TestPerformance.testNE(TestPerformance.java:210)
[2021-05-20T02:41:40.302Z] DLT 	at net.openj9.test.arithmetics.TestPerformance.testIntrinsicPerformance(TestPerformance.java:87)
[2021-05-20T02:41:40.302Z] DLT 	at java.base/jdk.internal.reflect.NativeMethodAccessorImpl.invoke0(Native Method)
[2021-05-20T02:41:40.302Z] DLT 	at java.base/jdk.internal.reflect.NativeMethodAccessorImpl.invoke(NativeMethodAccessorImpl.java:62)
[2021-05-20T02:41:40.302Z] DLT 	at java.base/jdk.internal.reflect.DelegatingMethodAccessorImpl.invoke(DelegatingMethodAccessorImpl.java:43)
[2021-05-20T02:41:40.302Z] DLT 	at java.base/java.lang.reflect.Method.invoke(Method.java:566)
[2021-05-20T02:41:40.302Z] DLT 	at org.junit.runners.model.FrameworkMethod$1.runReflectiveCall(FrameworkMethod.java:50)
[2021-05-20T02:41:40.302Z] DLT 	at org.junit.internal.runners.model.ReflectiveCallable.run(ReflectiveCallable.java:12)
[2021-05-20T02:41:40.302Z] DLT 	at org.junit.runners.model.FrameworkMethod.invokeExplosively(FrameworkMethod.java:47)
[2021-05-20T02:41:40.302Z] DLT 	at org.junit.internal.runners.statements.InvokeMethod.evaluate(InvokeMethod.java:17)
[2021-05-20T02:41:40.302Z] DLT 	at org.junit.runners.ParentRunner.runLeaf(ParentRunner.java:325)
[2021-05-20T02:41:40.302Z] DLT 	at org.junit.runners.BlockJUnit4ClassRunner.runChild(BlockJUnit4ClassRunner.java:78)
[2021-05-20T02:41:40.302Z] DLT 	at org.junit.runners.BlockJUnit4ClassRunner.runChild(BlockJUnit4ClassRunner.java:57)
[2021-05-20T02:41:40.302Z] DLT 	at org.junit.runners.ParentRunner$3.run(ParentRunner.java:290)
[2021-05-20T02:41:40.302Z] DLT 	at org.junit.runners.ParentRunner$1.schedule(ParentRunner.java:71)
[2021-05-20T02:41:40.302Z] DLT 	at org.junit.runners.ParentRunner.runChildren(ParentRunner.java:288)
[2021-05-20T02:41:40.302Z] DLT 	at org.junit.runners.ParentRunner.access$000(ParentRunner.java:58)
[2021-05-20T02:41:40.302Z] DLT 	at org.junit.runners.ParentRunner$2.evaluate(ParentRunner.java:268)
[2021-05-20T02:41:40.302Z] DLT 	at org.junit.runners.ParentRunner.run(ParentRunner.java:363)
[2021-05-20T02:41:40.302Z] DLT 	at org.junit.runners.Suite.runChild(Suite.java:128)
[2021-05-20T02:41:40.302Z] DLT 	at org.junit.runners.Suite.runChild(Suite.java:27)
[2021-05-20T02:41:40.302Z] DLT 	at org.junit.runners.ParentRunner$3.run(ParentRunner.java:290)
[2021-05-20T02:41:40.302Z] DLT 	at org.junit.runners.ParentRunner$1.schedule(ParentRunner.java:71)
[2021-05-20T02:41:40.302Z] DLT 	at org.junit.runners.ParentRunner.runChildren(ParentRunner.java:288)
[2021-05-20T02:41:40.302Z] DLT 	at org.junit.runners.ParentRunner.access$000(ParentRunner.java:58)
[2021-05-20T02:41:40.302Z] DLT 	at org.junit.runners.ParentRunner$2.evaluate(ParentRunner.java:268)
[2021-05-20T02:41:40.302Z] DLT 	at org.junit.runners.ParentRunner.run(ParentRunner.java:363)
[2021-05-20T02:41:40.302Z] DLT 	at org.junit.runner.JUnitCore.run(JUnitCore.java:137)
[2021-05-20T02:41:40.302Z] DLT 	at org.junit.runner.JUnitCore.run(JUnitCore.java:115)
[2021-05-20T02:41:40.302Z] DLT 	at net.adoptopenjdk.loadTest.adaptors.JUnitAdaptor.executeTest(JUnitAdaptor.java:130)
[2021-05-20T02:41:40.302Z] DLT 	at net.adoptopenjdk.loadTest.LoadTestRunner$2.run(LoadTestRunner.java:182)
[2021-05-20T02:41:40.302Z] DLT 	at java.base/java.util.concurrent.ThreadPoolExecutor.runWorker(ThreadPoolExecutor.java:1128)
[2021-05-20T02:41:40.302Z] DLT 	at java.base/java.util.concurrent.ThreadPoolExecutor$Worker.run(ThreadPoolExecutor.java:628)
[2021-05-20T02:41:40.302Z] DLT 	at java.base/java.lang.Thread.run(Thread.java:861)
[2021-05-20T02:41:40.302Z] DLT testFinished: testIntrinsicPerformance(net.openj9.test.arithmetics.TestPerformance)
[2021-05-20T02:41:40.302Z] DLT 
[2021-05-20T02:41:40.302Z] DLT JUnit Test Results for: net.openj9.test.arithmetics.TestPerformance
[2021-05-20T02:41:40.302Z] DLT   Ran    : 1
[2021-05-20T02:41:40.302Z] DLT   Passed : 0
[2021-05-20T02:41:40.302Z] DLT   Failed : 1
[2021-05-20T02:41:40.302Z] DLT   Ignored: 0
[2021-05-20T02:41:40.302Z] DLT   Result : FAILED
[2021-05-20T02:41:40.302Z] DLT <<<

[2021-05-20T02:41:40.303Z] DaaLoadTest_daa1_CS_5m_0_FAILED
```