https://ci.eclipse.org/openj9/job/Test_openjdk8_j9_sanity.system_s390x_linux_Nightly_testList_2/21
TestJlmRemoteClassAuth_0

https://140-211-168-230-openstack.osuosl.org/artifactory/ci-eclipse-openj9/Test/Test_openjdk8_j9_sanity.system_s390x_linux_Nightly_testList_2/21/system_test_output.tar.gz

7.LT2.stderr
```


*** Invalid JIT return address 000003FF75B7E338 in 00000000005B9110

05:14:06.364 0x5b8e00    j9vm.249    *   ** ASSERTION FAILED ** at /home/jenkins/workspace/Build_JDK8_s390x_linux_Nightly/openj9/runtime/vm/swalk.c:1565: ((0 ))


*** Invalid JIT return address 000003FF75B7E338 in 00000000005C4E10

05:14:06.364 0x5c4b00    j9vm.249    *   ** ASSERTION FAILED ** at /home/jenkins/workspace/Build_JDK8_s390x_linux_Nightly/openj9/runtime/vm/swalk.c:1565: ((0 ))
JVMDUMP039I Processing dump event "traceassert", detail "" at 2021/03/19 01:14:06 - please wait.
JVMDUMP039I Processing dump event "traceassert", detail "" at 2021/03/19 01:14:06 - please wait.


*** Invalid JIT return address 000003FF75B7E338 in 00000000005C9910

05:14:06.365 0x5c9600    j9vm.249    *   ** ASSERTION FAILED ** at /home/jenkins/workspace/Build_JDK8_s390x_linux_Nightly/openj9/runtime/vm/swalk.c:1565: ((0 ))
JVMDUMP039I Processing dump event "traceassert", detail "" at 2021/03/19 01:14:06 - please wait.


*** Invalid JIT return address 000003FF75B7E338 in 00000000005C1010

05:14:06.366 0x5c0d00    j9vm.249    *   ** ASSERTION FAILED ** at /home/jenkins/workspace/Build_JDK8_s390x_linux_Nightly/openj9/runtime/vm/swalk.c:1565: ((0 ))
```